<?xml version="1.0" encoding="UTF-8"?>
<!-- Generated by org.testng.reporters.JUnitReportReporter -->
<testsuite hostname="daisy-Aspire-one" name="home_page_features.DataProviderTest" tests="4" failures="0" timestamp="18 Jul 2015 05:51:12 GMT" time="65.882" errors="0">
  <testcase name="f" time="18.056" classname="home_page_features.DataProviderTest"/>
  <testcase name="f" time="17.944" classname="home_page_features.DataProviderTest"/>
  <testcase name="f" time="10.641" classname="home_page_features.DataProviderTest"/>
  <testcase name="f" time="19.241" classname="home_page_features.DataProviderTest"/>
</testsuite> <!-- home_page_features.DataProviderTest -->
